-------------------------------------------------------------------------------
Test set: com.huinan.server.AppTest
-------------------------------------------------------------------------------
<<<<<<< HEAD
<<<<<<< HEAD
Tests run: 5, Failures: 0, Errors: 0, Skipped: 0, Time elapsed: 0.383 sec
=======
Tests run: 5, Failures: 0, Errors: 0, Skipped: 0, Time elapsed: 0.652 sec
>>>>>>> aliyun
=======
Tests run: 5, Failures: 0, Errors: 0, Skipped: 0, Time elapsed: 0.367 sec
>>>>>>> aliyun
